0 info it worked if it ends with ok
1 verbose cli [ 'D:\\软件安装\\node\\node.exe',
1 verbose cli   'D:\\软件安装\\node\\node_modules\\npm\\bin\\npm-cli.js',
1 verbose cli   'run',
1 verbose cli   'dev' ]
2 info using npm@3.10.10
3 info using node@v6.11.4
4 verbose run-script [ 'predev', 'dev', 'postdev' ]
5 info lifecycle myapp-ejs@0.0.0~predev: myapp-ejs@0.0.0
6 silly lifecycle myapp-ejs@0.0.0~predev: no script for predev, continuing
7 info lifecycle myapp-ejs@0.0.0~dev: myapp-ejs@0.0.0
8 verbose lifecycle myapp-ejs@0.0.0~dev: unsafe-perm in lifecycle true
9 verbose lifecycle myapp-ejs@0.0.0~dev: PATH: D:\软件安装\node\node_modules\npm\bin\node-gyp-bin;D:\课堂练习\nodejs\lovePetHome\petProject\myapp\myapp-ejs\node_modules\.bin;C:\Ruby22-x64\bin;D:\软件安装\ruby\Ruby22-x64\bin;%Sy;temRoot%\system32;C:\Windows;C:\Windows\System32\Wbem;C:\Windows\System32\WindowsPowerShell\v1.0\;D:\软件安装\node\;C:\;rogram Files (x86)\MySQL\MySQL Fabric 1.5 & MySQL Utilities 1.5\;D:\软件安装\svn\bin;C:\;rogram Files\TortoiseGit\bin;C:\Program Files\Git\cmd;C:\Users\Administrator\AppData\Roaming\npm;D:\软件安装\Microsoft VS Code\bin
10 verbose lifecycle myapp-ejs@0.0.0~dev: CWD: D:\课堂练习\nodejs\lovePetHome\petProject\myapp\myapp-ejs
11 silly lifecycle myapp-ejs@0.0.0~dev: Args: [ '/d /s /c', 'supervisor ./bin/www' ]
12 verbose stack Error: kill ENOSYS
12 verbose stack     at Object.exports._errnoException (util.js:1020:11)
12 verbose stack     at process.kill (internal/process.js:191:18)
12 verbose stack     at process.listener (D:\软件安装\node\node_modules\npm\node_modules\npmlog\node_modules\gauge\node_modules\signal-exit\index.js:86:15)
12 verbose stack     at emitNone (events.js:91:20)
12 verbose stack     at process.emit (events.js:185:7)
12 verbose stack     at processEmit (D:\软件安装\node\node_modules\npm\node_modules\npmlog\node_modules\gauge\node_modules\signal-exit\index.js:146:32)
12 verbose stack     at processEmit (D:\软件安装\node\node_modules\npm\node_modules\npm-registry-client\node_modules\npmlog\node_modules\gauge\node_modules\signal-exit\index.js:146:32)
12 verbose stack     at Signal.wrap.onsignal (internal/process.js:217:44)
13 verbose cwd D:\课堂练习\nodejs\lovePetHome\petProject\myapp\myapp-ejs
14 error Windows_NT 6.1.7601
15 error argv "D:\\软件安装\\node\\node.exe" "D:\\软件安装\\node\\node_modules\\npm\\bin\\npm-cli.js" "run" "dev"
16 error node v6.11.4
17 error npm  v3.10.10
18 error code ENOSYS
19 error errno ENOSYS
20 error syscall kill
21 error kill ENOSYS
22 error If you need help, you may report this error at:
22 error     <https://github.com/npm/npm/issues>
23 verbose exit [ 1, true ]
